# JRE version: OpenJDK Runtime Environment Temurin-21.0.9+10 (21.0.9+10) (build 21.0.9+10-LTS)
# Java VM: OpenJDK 64-Bit Server VM Temurin-21.0.9+10 (21.0.9+10-LTS, mixed mode, sharing, tiered, compressed oops, compressed class ptrs, parallel gc, windows-amd64)
GC Precious Log:
 CardTable entry size: 512
 CPUs: 8 total, 8 available
 Memory: 20279M
 Large Page Support: Disabled
 NUMA Support: Disabled
 Compressed Oops: Enabled (32-bit)
 Alignments: Space 512K, Generation 512K, Heap 2M
 Heap Min Capacity: 100M
 Heap Initial Capacity: 100M
 Heap Max Capacity: 2G
 Pre-touch: Disabled
 Parallel Workers: 8
Heap:
 PSYoungGen      total 23040K, used 1210K [0x00000000d5580000, 0x00000000d6e80000, 0x0000000100000000)
  eden space 22016K, 2% used [0x00000000d5580000,0x00000000d5616858,0x00000000d6b00000)
  from space 1024K, 59% used [0x00000000d6d80000,0x00000000d6e18000,0x00000000d6e80000)
  to   space 1024K, 0% used [0x00000000d6c80000,0x00000000d6c80000,0x00000000d6d80000)
 ParOldGen       total 68608K, used 35226K [0x0000000080000000, 0x0000000084300000, 0x00000000d5580000)
  object space 68608K, 51% used [0x0000000080000000,0x0000000082266820,0x0000000084300000)
 Metaspace       used 56725K, committed 58048K, reserved 1114112K
  class space    used 6289K, committed 6848K, reserved 1048576K
GC Heap History (20 events):
Event: 47.283 GC heap before
{Heap before GC invocations=17 (full 2):
 PSYoungGen      total 23040K, used 22880K [0x00000000d5580000, 0x00000000d7200000, 0x0000000100000000)
  eden space 22016K, 100% used [0x00000000d5580000,0x00000000d6b00000,0x00000000d6b00000)
  from space 1024K, 84% used [0x00000000d7100000,0x00000000d71d8000,0x00000000d7200000)
  to   space 1024K, 0% used [0x00000000d7000000,0x00000000d7000000,0x00000000d7100000)
 ParOldGen       total 68608K, used 18655K [0x0000000080000000, 0x0000000084300000, 0x00000000d5580000)
  object space 68608K, 27% used [0x0000000080000000,0x0000000081237f98,0x0000000084300000)
 Metaspace       used 41261K, committed 42368K, reserved 1114112K
  class space    used 4458K, committed 4928K, reserved 1048576K
}
Event: 47.286 GC heap after
{Heap after GC invocations=17 (full 2):
 PSYoungGen      total 23040K, used 1024K [0x00000000d5580000, 0x00000000d7180000, 0x0000000100000000)
  eden space 22016K, 0% used [0x00000000d5580000,0x00000000d5580000,0x00000000d6b00000)
  from space 1024K, 100% used [0x00000000d7000000,0x00000000d7100000,0x00000000d7100000)
  to   space 512K, 0% used [0x00000000d7100000,0x00000000d7100000,0x00000000d7180000)
 ParOldGen       total 68608K, used 19527K [0x0000000080000000, 0x0000000084300000, 0x00000000d5580000)
  object space 68608K, 28% used [0x0000000080000000,0x0000000081311fb8,0x0000000084300000)
 Metaspace       used 41261K, committed 42368K, reserved 1114112K
  class space    used 4458K, committed 4928K, reserved 1048576K
}
Event: 47.646 GC heap before
{Heap before GC invocations=18 (full 2):
 PSYoungGen      total 23040K, used 23040K [0x00000000d5580000, 0x00000000d7180000, 0x0000000100000000)
  eden space 22016K, 100% used [0x00000000d5580000,0x00000000d6b00000,0x00000000d6b00000)
  from space 1024K, 100% used [0x00000000d7000000,0x00000000d7100000,0x00000000d7100000)
  to   space 512K, 0% used [0x00000000d7100000,0x00000000d7100000,0x00000000d7180000)
 ParOldGen       total 68608K, used 19527K [0x0000000080000000, 0x0000000084300000, 0x00000000d5580000)
  object space 68608K, 28% used [0x0000000080000000,0x0000000081311fb8,0x0000000084300000)
 Metaspace       used 43480K, committed 44544K, reserved 1114112K
  class space    used 4758K, committed 5184K, reserved 1048576K
}
Event: 47.649 GC heap after
{Heap after GC invocations=18 (full 2):
 PSYoungGen      total 22528K, used 512K [0x00000000d5580000, 0x00000000d7700000, 0x0000000100000000)
  eden space 22016K, 0% used [0x00000000d5580000,0x00000000d5580000,0x00000000d6b00000)
  from space 512K, 100% used [0x00000000d7100000,0x00000000d7180000,0x00000000d7180000)
  to   space 6144K, 0% used [0x00000000d6b00000,0x00000000d6b00000,0x00000000d7100000)
 ParOldGen       total 68608K, used 24256K [0x0000000080000000, 0x0000000084300000, 0x00000000d5580000)
  object space 68608K, 35% used [0x0000000080000000,0x00000000817b0008,0x0000000084300000)
 Metaspace       used 43480K, committed 44544K, reserved 1114112K
  class space    used 4758K, committed 5184K, reserved 1048576K
}
Event: 47.864 GC heap before
{Heap before GC invocations=19 (full 2):
 PSYoungGen      total 22528K, used 22528K [0x00000000d5580000, 0x00000000d7700000, 0x0000000100000000)
  eden space 22016K, 100% used [0x00000000d5580000,0x00000000d6b00000,0x00000000d6b00000)
  from space 512K, 100% used [0x00000000d7100000,0x00000000d7180000,0x00000000d7180000)
  to   space 6144K, 0% used [0x00000000d6b00000,0x00000000d6b00000,0x00000000d7100000)
 ParOldGen       total 68608K, used 24256K [0x0000000080000000, 0x0000000084300000, 0x00000000d5580000)
  object space 68608K, 35% used [0x0000000080000000,0x00000000817b0008,0x0000000084300000)
 Metaspace       used 46659K, committed 47680K, reserved 1114112K
  class space    used 5115K, committed 5568K, reserved 1048576K
}
Event: 47.868 GC heap after
{Heap after GC invocations=19 (full 2):
 PSYoungGen      total 24064K, used 1792K [0x00000000d5580000, 0x00000000d7180000, 0x0000000100000000)
  eden space 22016K, 0% used [0x00000000d5580000,0x00000000d5580000,0x00000000d6b00000)
  from space 2048K, 87% used [0x00000000d6b00000,0x00000000d6cc0000,0x00000000d6d00000)
  to   space 3072K, 0% used [0x00000000d6e80000,0x00000000d6e80000,0x00000000d7180000)
 ParOldGen       total 68608K, used 24784K [0x0000000080000000, 0x0000000084300000, 0x00000000d5580000)
  object space 68608K, 36% used [0x0000000080000000,0x0000000081834008,0x0000000084300000)
 Metaspace       used 46659K, committed 47680K, reserved 1114112K
  class space    used 5115K, committed 5568K, reserved 1048576K
}
Event: 48.676 GC heap before
{Heap before GC invocations=20 (full 2):
 PSYoungGen      total 24064K, used 23807K [0x00000000d5580000, 0x00000000d7180000, 0x0000000100000000)
  eden space 22016K, 99% used [0x00000000d5580000,0x00000000d6afff88,0x00000000d6b00000)
  from space 2048K, 87% used [0x00000000d6b00000,0x00000000d6cc0000,0x00000000d6d00000)
  to   space 3072K, 0% used [0x00000000d6e80000,0x00000000d6e80000,0x00000000d7180000)
 ParOldGen       total 68608K, used 24784K [0x0000000080000000, 0x0000000084300000, 0x00000000d5580000)
  object space 68608K, 36% used [0x0000000080000000,0x0000000081834008,0x0000000084300000)
 Metaspace       used 49312K, committed 50368K, reserved 1114112K
  class space    used 5435K, committed 5888K, reserved 1048576K
}
Event: 48.678 GC heap after
{Heap after GC invocations=20 (full 2):
 PSYoungGen      total 23552K, used 1130K [0x00000000d5580000, 0x00000000d7000000, 0x0000000100000000)
  eden space 22016K, 0% used [0x00000000d5580000,0x00000000d5580000,0x00000000d6b00000)
  from space 1536K, 73% used [0x00000000d6e80000,0x00000000d6f9ab48,0x00000000d7000000)
  to   space 2048K, 0% used [0x00000000d6c00000,0x00000000d6c00000,0x00000000d6e00000)
 ParOldGen       total 68608K, used 26415K [0x0000000080000000, 0x0000000084300000, 0x00000000d5580000)
  object space 68608K, 38% used [0x0000000080000000,0x00000000819cbfb0,0x0000000084300000)
 Metaspace       used 49312K, committed 50368K, reserved 1114112K
  class space    used 5435K, committed 5888K, reserved 1048576K
}
Event: 48.938 GC heap before
{Heap before GC invocations=21 (full 2):
 PSYoungGen      total 23552K, used 23146K [0x00000000d5580000, 0x00000000d7000000, 0x0000000100000000)
  eden space 22016K, 100% used [0x00000000d5580000,0x00000000d6b00000,0x00000000d6b00000)
  from space 1536K, 73% used [0x00000000d6e80000,0x00000000d6f9ab48,0x00000000d7000000)
  to   space 2048K, 0% used [0x00000000d6c00000,0x00000000d6c00000,0x00000000d6e00000)
 ParOldGen       total 68608K, used 26415K [0x0000000080000000, 0x0000000084300000, 0x00000000d5580000)
  object space 68608K, 38% used [0x0000000080000000,0x00000000819cbfb0,0x0000000084300000)
 Metaspace       used 49845K, committed 50944K, reserved 1114112K
  class space    used 5488K, committed 5952K, reserved 1048576K
}
Event: 48.940 GC heap after
{Heap after GC invocations=21 (full 2):
 PSYoungGen      total 24064K, used 2040K [0x00000000d5580000, 0x00000000d7000000, 0x0000000100000000)
  eden space 22016K, 0% used [0x00000000d5580000,0x00000000d5580000,0x00000000d6b00000)
  from space 2048K, 99% used [0x00000000d6c00000,0x00000000d6dfe2d8,0x00000000d6e00000)
  to   space 2048K, 0% used [0x00000000d6e00000,0x00000000d6e00000,0x00000000d7000000)
 ParOldGen       total 68608K, used 27701K [0x0000000080000000, 0x0000000084300000, 0x00000000d5580000)
  object space 68608K, 40% used [0x0000000080000000,0x0000000081b0d4e0,0x0000000084300000)
 Metaspace       used 49845K, committed 50944K, reserved 1114112K
  class space    used 5488K, committed 5952K, reserved 1048576K
}
Event: 49.610 GC heap before
{Heap before GC invocations=22 (full 2):
 PSYoungGen      total 24064K, used 23630K [0x00000000d5580000, 0x00000000d7000000, 0x0000000100000000)
  eden space 22016K, 98% used [0x00000000d5580000,0x00000000d6a956c0,0x00000000d6b00000)
  from space 2048K, 99% used [0x00000000d6c00000,0x00000000d6dfe2d8,0x00000000d6e00000)
  to   space 2048K, 0% used [0x00000000d6e00000,0x00000000d6e00000,0x00000000d7000000)
 ParOldGen       total 68608K, used 27701K [0x0000000080000000, 0x0000000084300000, 0x00000000d5580000)
  object space 68608K, 40% used [0x0000000080000000,0x0000000081b0d4e0,0x0000000084300000)
 Metaspace       used 52200K, committed 53440K, reserved 1114112K
  class space    used 5781K, committed 6336K, reserved 1048576K
}
Event: 49.613 GC heap after
{Heap after GC invocations=22 (full 2):
 PSYoungGen      total 24064K, used 1890K [0x00000000d5580000, 0x00000000d7000000, 0x0000000100000000)
  eden space 22016K, 0% used [0x00000000d5580000,0x00000000d5580000,0x00000000d6b00000)
  from space 2048K, 92% used [0x00000000d6e00000,0x00000000d6fd8920,0x00000000d7000000)
  to   space 2048K, 0% used [0x00000000d6c00000,0x00000000d6c00000,0x00000000d6e00000)
 ParOldGen       total 68608K, used 28400K [0x0000000080000000, 0x0000000084300000, 0x00000000d5580000)
  object space 68608K, 41% used [0x0000000080000000,0x0000000081bbc050,0x0000000084300000)
 Metaspace       used 52200K, committed 53440K, reserved 1114112K
  class space    used 5781K, committed 6336K, reserved 1048576K
}
Event: 50.343 GC heap before
{Heap before GC invocations=23 (full 2):
 PSYoungGen      total 24064K, used 23906K [0x00000000d5580000, 0x00000000d7000000, 0x0000000100000000)
  eden space 22016K, 100% used [0x00000000d5580000,0x00000000d6b00000,0x00000000d6b00000)
  from space 2048K, 92% used [0x00000000d6e00000,0x00000000d6fd8920,0x00000000d7000000)
  to   space 2048K, 0% used [0x00000000d6c00000,0x00000000d6c00000,0x00000000d6e00000)
 ParOldGen       total 68608K, used 28400K [0x0000000080000000, 0x0000000084300000, 0x00000000d5580000)
  object space 68608K, 41% used [0x0000000080000000,0x0000000081bbc050,0x0000000084300000)
 Metaspace       used 52596K, committed 53824K, reserved 1114112K
  class space    used 5807K, committed 6336K, reserved 1048576K
}
Event: 50.345 GC heap after
{Heap after GC invocations=23 (full 2):
 PSYoungGen      total 24064K, used 2048K [0x00000000d5580000, 0x00000000d7300000, 0x0000000100000000)
  eden space 22016K, 0% used [0x00000000d5580000,0x00000000d5580000,0x00000000d6b00000)
  from space 2048K, 100% used [0x00000000d6c00000,0x00000000d6e00000,0x00000000d6e00000)
  to   space 4096K, 0% used [0x00000000d6f00000,0x00000000d6f00000,0x00000000d7300000)
 ParOldGen       total 68608K, used 29830K [0x0000000080000000, 0x0000000084300000, 0x00000000d5580000)
  object space 68608K, 43% used [0x0000000080000000,0x0000000081d218d8,0x0000000084300000)
 Metaspace       used 52596K, committed 53824K, reserved 1114112K
  class space    used 5807K, committed 6336K, reserved 1048576K
}
Event: 57.827 GC heap before
{Heap before GC invocations=24 (full 2):
 PSYoungGen      total 24064K, used 24064K [0x00000000d5580000, 0x00000000d7300000, 0x0000000100000000)
  eden space 22016K, 100% used [0x00000000d5580000,0x00000000d6b00000,0x00000000d6b00000)
  from space 2048K, 100% used [0x00000000d6c00000,0x00000000d6e00000,0x00000000d6e00000)
  to   space 4096K, 0% used [0x00000000d6f00000,0x00000000d6f00000,0x00000000d7300000)
 ParOldGen       total 68608K, used 29830K [0x0000000080000000, 0x0000000084300000, 0x00000000d5580000)
  object space 68608K, 43% used [0x0000000080000000,0x0000000081d218d8,0x0000000084300000)
 Metaspace       used 53567K, committed 54784K, reserved 1114112K
  class space    used 5928K, committed 6464K, reserved 1048576K
}
Event: 57.829 GC heap after
{Heap after GC invocations=24 (full 2):
 PSYoungGen      total 24576K, used 2207K [0x00000000d5580000, 0x00000000d7180000, 0x0000000100000000)
  eden space 22016K, 0% used [0x00000000d5580000,0x00000000d5580000,0x00000000d6b00000)
  from space 2560K, 86% used [0x00000000d6f00000,0x00000000d7127c00,0x00000000d7180000)
  to   space 3072K, 0% used [0x00000000d6b80000,0x00000000d6b80000,0x00000000d6e80000)
 ParOldGen       total 68608K, used 31838K [0x0000000080000000, 0x0000000084300000, 0x00000000d5580000)
  object space 68608K, 46% used [0x0000000080000000,0x0000000081f178d8,0x0000000084300000)
 Metaspace       used 53567K, committed 54784K, reserved 1114112K
  class space    used 5928K, committed 6464K, reserved 1048576K
}
Event: 61.297 GC heap before
{Heap before GC invocations=25 (full 2):
 PSYoungGen      total 24576K, used 24222K [0x00000000d5580000, 0x00000000d7180000, 0x0000000100000000)
  eden space 22016K, 99% used [0x00000000d5580000,0x00000000d6affff8,0x00000000d6b00000)
  from space 2560K, 86% used [0x00000000d6f00000,0x00000000d7127c00,0x00000000d7180000)
  to   space 3072K, 0% used [0x00000000d6b80000,0x00000000d6b80000,0x00000000d6e80000)
 ParOldGen       total 68608K, used 31838K [0x0000000080000000, 0x0000000084300000, 0x00000000d5580000)
  object space 68608K, 46% used [0x0000000080000000,0x0000000081f178d8,0x0000000084300000)
 Metaspace       used 54920K, committed 56128K, reserved 1114112K
  class space    used 6097K, committed 6592K, reserved 1048576K
}
Event: 61.301 GC heap after
{Heap after GC invocations=25 (full 2):
 PSYoungGen      total 23552K, used 1496K [0x00000000d5580000, 0x00000000d6f80000, 0x0000000100000000)
  eden space 22016K, 0% used [0x00000000d5580000,0x00000000d5580000,0x00000000d6b00000)
  from space 1536K, 97% used [0x00000000d6b80000,0x00000000d6cf61a8,0x00000000d6d00000)
  to   space 2048K, 0% used [0x00000000d6d80000,0x00000000d6d80000,0x00000000d6f80000)
 ParOldGen       total 68608K, used 33895K [0x0000000080000000, 0x0000000084300000, 0x00000000d5580000)
  object space 68608K, 49% used [0x0000000080000000,0x0000000082119f60,0x0000000084300000)
 Metaspace       used 54920K, committed 56128K, reserved 1114112K
  class space    used 6097K, committed 6592K, reserved 1048576K
}
Event: 1398.765 GC heap before
{Heap before GC invocations=26 (full 2):
 PSYoungGen      total 23552K, used 23512K [0x00000000d5580000, 0x00000000d6f80000, 0x0000000100000000)
  eden space 22016K, 99% used [0x00000000d5580000,0x00000000d6afffd0,0x00000000d6b00000)
  from space 1536K, 97% used [0x00000000d6b80000,0x00000000d6cf61a8,0x00000000d6d00000)
  to   space 2048K, 0% used [0x00000000d6d80000,0x00000000d6d80000,0x00000000d6f80000)
 ParOldGen       total 68608K, used 33895K [0x0000000080000000, 0x0000000084300000, 0x00000000d5580000)
  object space 68608K, 49% used [0x0000000080000000,0x0000000082119f60,0x0000000084300000)
 Metaspace       used 56669K, committed 57984K, reserved 1114112K
  class space    used 6289K, committed 6848K, reserved 1048576K
}
Event: 1398.767 GC heap after
{Heap after GC invocations=26 (full 2):
 PSYoungGen      total 23040K, used 608K [0x00000000d5580000, 0x00000000d6e80000, 0x0000000100000000)
  eden space 22016K, 0% used [0x00000000d5580000,0x00000000d5580000,0x00000000d6b00000)
  from space 1024K, 59% used [0x00000000d6d80000,0x00000000d6e18000,0x00000000d6e80000)
  to   space 1024K, 0% used [0x00000000d6c80000,0x00000000d6c80000,0x00000000d6d80000)
 ParOldGen       total 68608K, used 35226K [0x0000000080000000, 0x0000000084300000, 0x00000000d5580000)
  object space 68608K, 51% used [0x0000000080000000,0x0000000082266820,0x0000000084300000)
 Metaspace       used 56669K, committed 57984K, reserved 1114112K
  class space    used 6289K, committed 6848K, reserved 1048576K
}

